app/build/intermediates/manifest_merge_blame_file/debug/manifest-merger-blame-debug-report.txt
1<?xml version="1.0" encoding="utf-8"?>
2<manifest xmlns:android="http://schemas.android.com/apk/res/android"
3    package="com.example.madmini"
4    android:versionCode="1"
5    android:versionName="1.0" >
6
7    <uses-sdk
8        android:minSdkVersion="21"
8-->src\main\AndroidManifest.xml
9        android:targetSdkVersion="31" />
9-->src\main\AndroidManifest.xml
10
11    <uses-permission android:name="android.permission.INTERNET" />
11-->src\main\AndroidManifest.xml:5:5-67
11-->src\main\AndroidManifest.xml:5:22-64
12    <uses-permission android:name="android.permission.ACCESS_NETWORK_STATE" />
12-->src\main\AndroidManifest.xml:6:5-79
12-->src\main\AndroidManifest.xml:6:22-76
13    <uses-permission android:name="android.permission.WRITE_EXTERNAL_STORAGE" />
13-->src\main\AndroidManifest.xml:7:5-81
13-->src\main\AndroidManifest.xml:7:22-78
14    <uses-permission android:name="android.permission.WAKE_LOCK" />
14-->[com.google.android.gms:play-services-measurement-api:19.0.1] AndroidManifest.xml:24:5-68
14-->[com.google.android.gms:play-services-measurement-api:19.0.1] AndroidManifest.xml:24:22-65
15    <uses-permission android:name="com.google.android.finsky.permission.BIND_GET_INSTALL_REFERRER_SERVICE" />
15-->[com.google.android.gms:play-services-measurement:19.0.1] AndroidManifest.xml:26:5-110
15-->[com.google.android.gms:play-services-measurement:19.0.1] AndroidManifest.xml:26:22-107
16
17    <application
17-->src\main\AndroidManifest.xml:9:5-156:19
18        android:allowBackup="true"
18-->src\main\AndroidManifest.xml:10:9-35
19        android:appComponentFactory="androidx.core.app.CoreComponentFactory"
19-->[androidx.core:core:1.5.0] AndroidManifest.xml:24:18-86
20        android:debuggable="true"
21        android:icon="@mipmap/ic_launcher"
21-->src\main\AndroidManifest.xml:11:9-43
22        android:label="@string/app_name"
22-->src\main\AndroidManifest.xml:12:9-41
23        android:roundIcon="@mipmap/ic_launcher_round"
23-->src\main\AndroidManifest.xml:13:9-54
24        android:supportsRtl="true"
24-->src\main\AndroidManifest.xml:14:9-35
25        android:testOnly="true"
26        android:theme="@style/Theme.MadMini" >
26-->src\main\AndroidManifest.xml:15:9-45
27        <activity
27-->src\main\AndroidManifest.xml:16:9-18:39
28            android:name="com.example.madmini.it20115302.spare_parts_comp.view.AddCartSparePart"
28-->src\main\AndroidManifest.xml:17:13-78
29            android:exported="true" />
29-->src\main\AndroidManifest.xml:18:13-36
30        <activity
30-->src\main\AndroidManifest.xml:19:9-21:39
31            android:name="com.example.madmini.it20122096.LaptopOrders"
31-->src\main\AndroidManifest.xml:20:13-52
32            android:exported="true" />
32-->src\main\AndroidManifest.xml:21:13-36
33        <activity
33-->src\main\AndroidManifest.xml:22:9-24:39
34            android:name="com.example.madmini.it20122614.EditProfileActivity"
34-->src\main\AndroidManifest.xml:23:13-59
35            android:exported="true" />
35-->src\main\AndroidManifest.xml:24:13-36
36        <activity
36-->src\main\AndroidManifest.xml:25:9-27:39
37            android:name="com.example.madmini.it20122614.ProfileActivity"
37-->src\main\AndroidManifest.xml:26:13-55
38            android:exported="true" />
38-->src\main\AndroidManifest.xml:27:13-36
39        <activity
39-->src\main\AndroidManifest.xml:28:9-30:39
40            android:name="com.example.madmini.it20122614.RegisterActivity"
40-->src\main\AndroidManifest.xml:29:13-56
41            android:exported="true" />
41-->src\main\AndroidManifest.xml:30:13-36
42        <activity
42-->src\main\AndroidManifest.xml:31:9-33:39
43            android:name="com.example.madmini.it20122614.PaymentActivity"
43-->src\main\AndroidManifest.xml:32:13-55
44            android:exported="true" />
44-->src\main\AndroidManifest.xml:33:13-36
45        <activity
45-->src\main\AndroidManifest.xml:34:9-42:20
46            android:name="com.example.madmini.it20122614.LoginActivity"
46-->src\main\AndroidManifest.xml:35:13-53
47            android:exported="true" >
47-->src\main\AndroidManifest.xml:36:13-36
48            <intent-filter>
48-->src\main\AndroidManifest.xml:37:13-41:29
49                <action android:name="android.intent.action.MAIN" />
49-->src\main\AndroidManifest.xml:38:17-69
49-->src\main\AndroidManifest.xml:38:25-66
50
51                <category android:name="android.intent.category.LAUNCHER" />
51-->src\main\AndroidManifest.xml:40:17-77
51-->src\main\AndroidManifest.xml:40:27-74
52            </intent-filter>
53        </activity>
54        <activity
54-->src\main\AndroidManifest.xml:43:9-45:39
55            android:name="com.example.madmini.it20122614.CartActivity"
55-->src\main\AndroidManifest.xml:44:13-52
56            android:exported="true" />
56-->src\main\AndroidManifest.xml:45:13-36
57        <activity
57-->src\main\AndroidManifest.xml:46:9-48:39
58            android:name="com.example.madmini.it20122614.AddressBookActivity"
58-->src\main\AndroidManifest.xml:47:13-59
59            android:exported="true" />
59-->src\main\AndroidManifest.xml:48:13-36
60        <activity
60-->src\main\AndroidManifest.xml:49:9-51:39
61            android:name="com.example.madmini.it20115302.spare_parts_comp.view.ViewAllSpareParts"
61-->src\main\AndroidManifest.xml:50:13-79
62            android:exported="true" />
62-->src\main\AndroidManifest.xml:51:13-36
63        <activity
63-->src\main\AndroidManifest.xml:52:9-54:39
64            android:name="com.example.madmini.it20115302.spare_parts_comp.view.UpdateSparePart"
64-->src\main\AndroidManifest.xml:53:13-77
65            android:exported="true" />
65-->src\main\AndroidManifest.xml:54:13-36
66        <activity
66-->src\main\AndroidManifest.xml:55:9-57:39
67            android:name="com.example.madmini.it20115302.spare_parts_comp.view.ShowSpareParts"
67-->src\main\AndroidManifest.xml:56:13-76
68            android:exported="true" />
68-->src\main\AndroidManifest.xml:57:13-36
69        <activity
69-->src\main\AndroidManifest.xml:58:9-60:39
70            android:name="com.example.madmini.it20115302.spare_parts_comp.view.AddSparePart"
70-->src\main\AndroidManifest.xml:59:13-74
71            android:exported="true" />
71-->src\main\AndroidManifest.xml:60:13-36
72        <activity
72-->src\main\AndroidManifest.xml:61:9-73:20
73            android:name="com.example.madmini.it20122096.PartOrders"
73-->src\main\AndroidManifest.xml:62:13-50
74            android:exported="true"
74-->src\main\AndroidManifest.xml:63:13-36
75            android:parentActivityName="com.example.madmini.it20122096.Pc_Build_Orders" >
75-->src\main\AndroidManifest.xml:64:13-69
76
77            <!--
78            The meta-data tag is required if you support API level 15
79            and lower
80            -->
81            <meta-data
81-->src\main\AndroidManifest.xml:70:13-72:63
82                android:name="android.support.PARENT_ACTIVITY"
82-->src\main\AndroidManifest.xml:71:17-63
83                android:value=".it20122096.Pc_Build_Orders" />
83-->src\main\AndroidManifest.xml:72:17-60
84        </activity>
85        <activity
85-->src\main\AndroidManifest.xml:74:9-86:20
86            android:name="com.example.madmini.it20122096.Order_Details"
86-->src\main\AndroidManifest.xml:75:13-53
87            android:exported="true"
87-->src\main\AndroidManifest.xml:76:13-36
88            android:parentActivityName="com.example.madmini.it20122096.Pc_Build_Orders" >
88-->src\main\AndroidManifest.xml:77:13-69
89
90            <!--
91            The meta-data tag is required if you support API level 15
92            and lower
93            -->
94            <meta-data
94-->src\main\AndroidManifest.xml:70:13-72:63
95                android:name="android.support.PARENT_ACTIVITY"
95-->src\main\AndroidManifest.xml:71:17-63
96                android:value=".it20122096.Pc_Build_Orders" />
96-->src\main\AndroidManifest.xml:72:17-60
97        </activity>
98        <activity
98-->src\main\AndroidManifest.xml:87:9-99:20
99            android:name="com.example.madmini.it20122096.Pc_Build_Orders"
99-->src\main\AndroidManifest.xml:88:13-55
100            android:exported="true"
100-->src\main\AndroidManifest.xml:89:13-36
101            android:parentActivityName="com.example.madmini.it20122096.Pc_Build_Orders" >
101-->src\main\AndroidManifest.xml:90:13-69
102
103            <!--
104            The meta-data tag is required if you support API level 15
105            and lower
106            -->
107            <meta-data
107-->src\main\AndroidManifest.xml:70:13-72:63
108                android:name="android.support.PARENT_ACTIVITY"
108-->src\main\AndroidManifest.xml:71:17-63
109                android:value=".it20122096.Pc_Build_Orders" />
109-->src\main\AndroidManifest.xml:72:17-60
110        </activity>
111        <activity
111-->src\main\AndroidManifest.xml:100:9-112:20
112            android:name="com.example.madmini.it20122096.Admin_Panel"
112-->src\main\AndroidManifest.xml:101:13-51
113            android:exported="true"
113-->src\main\AndroidManifest.xml:102:13-36
114            android:parentActivityName="com.example.madmini.it20122096.DashBoard" >
114-->src\main\AndroidManifest.xml:103:13-63
115
116            <!--
117            The meta-data tag is required if you support API level 15
118            and lower
119            -->
120            <meta-data
120-->src\main\AndroidManifest.xml:70:13-72:63
121                android:name="android.support.PARENT_ACTIVITY"
121-->src\main\AndroidManifest.xml:71:17-63
122                android:value=".it20122096.DashBoard" />
122-->src\main\AndroidManifest.xml:72:17-60
123        </activity>
124        <activity
124-->src\main\AndroidManifest.xml:113:9-125:20
125            android:name="com.example.madmini.it20122096.Add_Quotation_Item"
125-->src\main\AndroidManifest.xml:114:13-58
126            android:exported="true"
126-->src\main\AndroidManifest.xml:115:13-36
127            android:parentActivityName="com.example.madmini.it20122096.BulidPc" >
127-->src\main\AndroidManifest.xml:116:13-61
128
129            <!--
130            The meta-data tag is required if you support API level 15
131            and lower
132            -->
133            <meta-data
133-->src\main\AndroidManifest.xml:70:13-72:63
134                android:name="android.support.PARENT_ACTIVITY"
134-->src\main\AndroidManifest.xml:71:17-63
135                android:value=".it20122096.BulidPc" />
135-->src\main\AndroidManifest.xml:72:17-60
136        </activity>
137        <activity
137-->src\main\AndroidManifest.xml:126:9-138:20
138            android:name="com.example.madmini.it20122096.Quotation_Items"
138-->src\main\AndroidManifest.xml:127:13-55
139            android:exported="true"
139-->src\main\AndroidManifest.xml:128:13-36
140            android:parentActivityName="com.example.madmini.it20122096.BulidPc" >
140-->src\main\AndroidManifest.xml:129:13-61
141
142            <!--
143            The meta-data tag is required if you support API level 15
144            and lower
145            -->
146            <meta-data
146-->src\main\AndroidManifest.xml:70:13-72:63
147                android:name="android.support.PARENT_ACTIVITY"
147-->src\main\AndroidManifest.xml:71:17-63
148                android:value=".it20122096.BulidPc" />
148-->src\main\AndroidManifest.xml:72:17-60
149        </activity>
150        <activity
150-->src\main\AndroidManifest.xml:139:9-151:20
151            android:name="com.example.madmini.it20122096.BulidPc"
151-->src\main\AndroidManifest.xml:140:13-47
152            android:exported="true"
152-->src\main\AndroidManifest.xml:141:13-36
153            android:parentActivityName="com.example.madmini.it20122096.DashBoard" >
153-->src\main\AndroidManifest.xml:142:13-63
154
155            <!--
156        The meta-data tag is required if you support API level 15
157        and lower
158            -->
159            <meta-data
159-->src\main\AndroidManifest.xml:70:13-72:63
160                android:name="android.support.PARENT_ACTIVITY"
160-->src\main\AndroidManifest.xml:71:17-63
161                android:value=".it20122096.DashBoard" />
161-->src\main\AndroidManifest.xml:72:17-60
162        </activity>
163        <activity
163-->src\main\AndroidManifest.xml:152:9-155:75
164            android:name="com.example.madmini.it20122096.DashBoard"
164-->src\main\AndroidManifest.xml:153:13-49
165            android:exported="true"
165-->src\main\AndroidManifest.xml:154:13-36
166            android:theme="@style/Theme.MaterialComponents.NoActionBar" />
166-->src\main\AndroidManifest.xml:155:13-72
167
168        <service
168-->[com.google.firebase:firebase-database:20.0.2] AndroidManifest.xml:29:9-35:19
169            android:name="com.google.firebase.components.ComponentDiscoveryService"
169-->[com.google.firebase:firebase-database:20.0.2] AndroidManifest.xml:30:13-84
170            android:directBootAware="true"
170-->[com.google.firebase:firebase-common:20.0.0] AndroidManifest.xml:35:13-43
171            android:exported="false" >
171-->[com.google.firebase:firebase-database:20.0.2] AndroidManifest.xml:31:13-37
172            <meta-data
172-->[com.google.firebase:firebase-database:20.0.2] AndroidManifest.xml:32:13-34:85
173                android:name="com.google.firebase.components:com.google.firebase.database.DatabaseRegistrar"
173-->[com.google.firebase:firebase-database:20.0.2] AndroidManifest.xml:33:17-109
174                android:value="com.google.firebase.components.ComponentRegistrar" />
174-->[com.google.firebase:firebase-database:20.0.2] AndroidManifest.xml:34:17-82
175            <meta-data
175-->[com.google.firebase:firebase-auth:21.0.1] AndroidManifest.xml:77:13-79:85
176                android:name="com.google.firebase.components:com.google.firebase.auth.FirebaseAuthRegistrar"
176-->[com.google.firebase:firebase-auth:21.0.1] AndroidManifest.xml:78:17-109
177                android:value="com.google.firebase.components.ComponentRegistrar" />
177-->[com.google.firebase:firebase-auth:21.0.1] AndroidManifest.xml:79:17-82
178            <meta-data
178-->[com.google.firebase:firebase-storage:20.0.0] AndroidManifest.xml:33:13-35:85
179                android:name="com.google.firebase.components:com.google.firebase.storage.StorageRegistrar"
179-->[com.google.firebase:firebase-storage:20.0.0] AndroidManifest.xml:34:17-107
180                android:value="com.google.firebase.components.ComponentRegistrar" />
180-->[com.google.firebase:firebase-storage:20.0.0] AndroidManifest.xml:35:17-82
181            <meta-data
181-->[com.google.android.gms:play-services-measurement-api:19.0.1] AndroidManifest.xml:30:13-32:85
182                android:name="com.google.firebase.components:com.google.firebase.analytics.connector.internal.AnalyticsConnectorRegistrar"
182-->[com.google.android.gms:play-services-measurement-api:19.0.1] AndroidManifest.xml:31:17-139
183                android:value="com.google.firebase.components.ComponentRegistrar" />
183-->[com.google.android.gms:play-services-measurement-api:19.0.1] AndroidManifest.xml:32:17-82
184            <meta-data
184-->[com.google.firebase:firebase-installations:17.0.0] AndroidManifest.xml:18:13-20:85
185                android:name="com.google.firebase.components:com.google.firebase.installations.FirebaseInstallationsRegistrar"
185-->[com.google.firebase:firebase-installations:17.0.0] AndroidManifest.xml:19:17-127
186                android:value="com.google.firebase.components.ComponentRegistrar" />
186-->[com.google.firebase:firebase-installations:17.0.0] AndroidManifest.xml:20:17-82
187        </service>
188
189        <activity
189-->[com.google.firebase:firebase-auth:21.0.1] AndroidManifest.xml:27:9-44:20
190            android:name="com.google.firebase.auth.internal.GenericIdpActivity"
190-->[com.google.firebase:firebase-auth:21.0.1] AndroidManifest.xml:28:13-80
191            android:excludeFromRecents="true"
191-->[com.google.firebase:firebase-auth:21.0.1] AndroidManifest.xml:29:13-46
192            android:exported="true"
192-->[com.google.firebase:firebase-auth:21.0.1] AndroidManifest.xml:30:13-36
193            android:launchMode="singleTask"
193-->[com.google.firebase:firebase-auth:21.0.1] AndroidManifest.xml:31:13-44
194            android:theme="@android:style/Theme.Translucent.NoTitleBar" >
194-->[com.google.firebase:firebase-auth:21.0.1] AndroidManifest.xml:32:13-72
195            <intent-filter>
195-->[com.google.firebase:firebase-auth:21.0.1] AndroidManifest.xml:33:13-43:29
196                <action android:name="android.intent.action.VIEW" />
196-->[com.google.firebase:firebase-auth:21.0.1] AndroidManifest.xml:34:17-69
196-->[com.google.firebase:firebase-auth:21.0.1] AndroidManifest.xml:34:25-66
197
198                <category android:name="android.intent.category.DEFAULT" />
198-->[com.google.firebase:firebase-auth:21.0.1] AndroidManifest.xml:36:17-76
198-->[com.google.firebase:firebase-auth:21.0.1] AndroidManifest.xml:36:27-73
199                <category android:name="android.intent.category.BROWSABLE" />
199-->[com.google.firebase:firebase-auth:21.0.1] AndroidManifest.xml:37:17-78
199-->[com.google.firebase:firebase-auth:21.0.1] AndroidManifest.xml:37:27-75
200
201                <data
201-->[com.google.firebase:firebase-auth:21.0.1] AndroidManifest.xml:39:17-42:51
202                    android:host="firebase.auth"
202-->[com.google.firebase:firebase-auth:21.0.1] AndroidManifest.xml:40:21-49
203                    android:path="/"
203-->[com.google.firebase:firebase-auth:21.0.1] AndroidManifest.xml:41:21-37
204                    android:scheme="genericidp" />
204-->[com.google.firebase:firebase-auth:21.0.1] AndroidManifest.xml:42:21-48
205            </intent-filter>
206        </activity>
207        <activity
207-->[com.google.firebase:firebase-auth:21.0.1] AndroidManifest.xml:45:9-62:20
208            android:name="com.google.firebase.auth.internal.RecaptchaActivity"
208-->[com.google.firebase:firebase-auth:21.0.1] AndroidManifest.xml:46:13-79
209            android:excludeFromRecents="true"
209-->[com.google.firebase:firebase-auth:21.0.1] AndroidManifest.xml:47:13-46
210            android:exported="true"
210-->[com.google.firebase:firebase-auth:21.0.1] AndroidManifest.xml:48:13-36
211            android:launchMode="singleTask"
211-->[com.google.firebase:firebase-auth:21.0.1] AndroidManifest.xml:49:13-44
212            android:theme="@android:style/Theme.Translucent.NoTitleBar" >
212-->[com.google.firebase:firebase-auth:21.0.1] AndroidManifest.xml:50:13-72
213            <intent-filter>
213-->[com.google.firebase:firebase-auth:21.0.1] AndroidManifest.xml:51:13-61:29
214                <action android:name="android.intent.action.VIEW" />
214-->[com.google.firebase:firebase-auth:21.0.1] AndroidManifest.xml:34:17-69
214-->[com.google.firebase:firebase-auth:21.0.1] AndroidManifest.xml:34:25-66
215
216                <category android:name="android.intent.category.DEFAULT" />
216-->[com.google.firebase:firebase-auth:21.0.1] AndroidManifest.xml:36:17-76
216-->[com.google.firebase:firebase-auth:21.0.1] AndroidManifest.xml:36:27-73
217                <category android:name="android.intent.category.BROWSABLE" />
217-->[com.google.firebase:firebase-auth:21.0.1] AndroidManifest.xml:37:17-78
217-->[com.google.firebase:firebase-auth:21.0.1] AndroidManifest.xml:37:27-75
218
219                <data
219-->[com.google.firebase:firebase-auth:21.0.1] AndroidManifest.xml:39:17-42:51
220                    android:host="firebase.auth"
220-->[com.google.firebase:firebase-auth:21.0.1] AndroidManifest.xml:40:21-49
221                    android:path="/"
221-->[com.google.firebase:firebase-auth:21.0.1] AndroidManifest.xml:41:21-37
222                    android:scheme="recaptcha" />
222-->[com.google.firebase:firebase-auth:21.0.1] AndroidManifest.xml:42:21-48
223            </intent-filter>
224        </activity>
225
226        <service
226-->[com.google.firebase:firebase-auth:21.0.1] AndroidManifest.xml:64:9-73:19
227            android:name="com.google.firebase.auth.api.fallback.service.FirebaseAuthFallbackService"
227-->[com.google.firebase:firebase-auth:21.0.1] AndroidManifest.xml:65:13-101
228            android:enabled="true"
228-->[com.google.firebase:firebase-auth:21.0.1] AndroidManifest.xml:66:13-35
229            android:exported="false" >
229-->[com.google.firebase:firebase-auth:21.0.1] AndroidManifest.xml:67:13-37
230            <intent-filter>
230-->[com.google.firebase:firebase-auth:21.0.1] AndroidManifest.xml:68:13-72:29
231                <action android:name="com.google.firebase.auth.api.gms.service.START" />
231-->[com.google.firebase:firebase-auth:21.0.1] AndroidManifest.xml:69:17-89
231-->[com.google.firebase:firebase-auth:21.0.1] AndroidManifest.xml:69:25-86
232
233                <category android:name="android.intent.category.DEFAULT" />
233-->[com.google.firebase:firebase-auth:21.0.1] AndroidManifest.xml:36:17-76
233-->[com.google.firebase:firebase-auth:21.0.1] AndroidManifest.xml:36:27-73
234            </intent-filter>
235        </service>
236
237        <provider
237-->[com.squareup.picasso:picasso:2.71828] AndroidManifest.xml:8:9-11:40
238            android:name="com.squareup.picasso.PicassoProvider"
238-->[com.squareup.picasso:picasso:2.71828] AndroidManifest.xml:9:13-64
239            android:authorities="com.example.madmini.com.squareup.picasso"
239-->[com.squareup.picasso:picasso:2.71828] AndroidManifest.xml:10:13-72
240            android:exported="false" />
240-->[com.squareup.picasso:picasso:2.71828] AndroidManifest.xml:11:13-37
241
242        <activity
242-->[com.google.android.gms:play-services-base:17.1.0] AndroidManifest.xml:23:9-26:75
243            android:name="com.google.android.gms.common.api.GoogleApiActivity"
243-->[com.google.android.gms:play-services-base:17.1.0] AndroidManifest.xml:24:13-79
244            android:exported="false"
244-->[com.google.android.gms:play-services-base:17.1.0] AndroidManifest.xml:25:13-37
245            android:theme="@android:style/Theme.Translucent.NoTitleBar" />
245-->[com.google.android.gms:play-services-base:17.1.0] AndroidManifest.xml:26:13-72
246
247        <provider
247-->[com.google.firebase:firebase-common:20.0.0] AndroidManifest.xml:26:9-31:39
248            android:name="com.google.firebase.provider.FirebaseInitProvider"
248-->[com.google.firebase:firebase-common:20.0.0] AndroidManifest.xml:27:13-77
249            android:authorities="com.example.madmini.firebaseinitprovider"
249-->[com.google.firebase:firebase-common:20.0.0] AndroidManifest.xml:28:13-72
250            android:directBootAware="true"
250-->[com.google.firebase:firebase-common:20.0.0] AndroidManifest.xml:29:13-43
251            android:exported="false"
251-->[com.google.firebase:firebase-common:20.0.0] AndroidManifest.xml:30:13-37
252            android:initOrder="100" />
252-->[com.google.firebase:firebase-common:20.0.0] AndroidManifest.xml:31:13-36
253
254        <receiver
254-->[com.google.android.gms:play-services-measurement:19.0.1] AndroidManifest.xml:29:9-33:20
255            android:name="com.google.android.gms.measurement.AppMeasurementReceiver"
255-->[com.google.android.gms:play-services-measurement:19.0.1] AndroidManifest.xml:30:13-85
256            android:enabled="true"
256-->[com.google.android.gms:play-services-measurement:19.0.1] AndroidManifest.xml:31:13-35
257            android:exported="false" >
257-->[com.google.android.gms:play-services-measurement:19.0.1] AndroidManifest.xml:32:13-37
258        </receiver>
259
260        <service
260-->[com.google.android.gms:play-services-measurement:19.0.1] AndroidManifest.xml:35:9-38:40
261            android:name="com.google.android.gms.measurement.AppMeasurementService"
261-->[com.google.android.gms:play-services-measurement:19.0.1] AndroidManifest.xml:36:13-84
262            android:enabled="true"
262-->[com.google.android.gms:play-services-measurement:19.0.1] AndroidManifest.xml:37:13-35
263            android:exported="false" />
263-->[com.google.android.gms:play-services-measurement:19.0.1] AndroidManifest.xml:38:13-37
264        <service
264-->[com.google.android.gms:play-services-measurement:19.0.1] AndroidManifest.xml:39:9-43:72
265            android:name="com.google.android.gms.measurement.AppMeasurementJobService"
265-->[com.google.android.gms:play-services-measurement:19.0.1] AndroidManifest.xml:40:13-87
266            android:enabled="true"
266-->[com.google.android.gms:play-services-measurement:19.0.1] AndroidManifest.xml:41:13-35
267            android:exported="false"
267-->[com.google.android.gms:play-services-measurement:19.0.1] AndroidManifest.xml:42:13-37
268            android:permission="android.permission.BIND_JOB_SERVICE" />
268-->[com.google.android.gms:play-services-measurement:19.0.1] AndroidManifest.xml:43:13-69
269
270        <meta-data
270-->[com.google.android.gms:play-services-basement:17.1.0] AndroidManifest.xml:23:9-25:69
271            android:name="com.google.android.gms.version"
271-->[com.google.android.gms:play-services-basement:17.1.0] AndroidManifest.xml:24:13-58
272            android:value="@integer/google_play_services_version" />
272-->[com.google.android.gms:play-services-basement:17.1.0] AndroidManifest.xml:25:13-66
273    </application>
274
275</manifest>